<?xml version="1.0" encoding="UTF-8"?>
<testsuite name="com.webproj.spring.aws.web.HelloControllerTest" tests="2" skipped="0" failures="0" errors="0" timestamp="2024-12-05T12:24:17" hostname="DESKTOP-NMHFHBF" time="0.132">
  <properties/>
  <testcase name="hello가_리턴된다" classname="com.webproj.spring.aws.web.HelloControllerTest" time="0.065"/>
  <testcase name="helloDto가_리턴된다" classname="com.webproj.spring.aws.web.HelloControllerTest" time="0.066"/>
  <system-out><![CDATA[2024-12-05 21:24:16.466  INFO 27052 --- [    Test worker] .b.t.a.w.s.WebMvcTestContextBootstrapper : Neither @ContextConfiguration nor @ContextHierarchy found for test class [com.webproj.spring.aws.web.HelloControllerTest], using SpringBootContextLoader
2024-12-05 21:24:16.467  INFO 27052 --- [    Test worker] o.s.t.c.support.AbstractContextLoader    : Could not detect default resource locations for test class [com.webproj.spring.aws.web.HelloControllerTest]: no resource found for suffixes {-context.xml, Context.groovy}.
2024-12-05 21:24:16.467  INFO 27052 --- [    Test worker] t.c.s.AnnotationConfigContextLoaderUtils : Could not detect default configuration classes for test class [com.webproj.spring.aws.web.HelloControllerTest]: HelloControllerTest does not declare any static, non-private, non-final, nested classes annotated with @Configuration.
2024-12-05 21:24:16.484  INFO 27052 --- [    Test worker] .b.t.c.SpringBootTestContextBootstrapper : Found @SpringBootConfiguration com.webproj.spring.aws.Application for test class com.webproj.spring.aws.web.HelloControllerTest
2024-12-05 21:24:16.484  INFO 27052 --- [    Test worker] .b.t.a.w.s.WebMvcTestContextBootstrapper : Loaded default TestExecutionListener class names from location [META-INF/spring.factories]: [org.springframework.security.test.context.support.WithSecurityContextTestExecutionListener, org.springframework.security.test.context.support.ReactorContextTestExecutionListener, org.springframework.boot.test.autoconfigure.restdocs.RestDocsTestExecutionListener, org.springframework.boot.test.autoconfigure.web.client.MockRestServiceServerResetTestExecutionListener, org.springframework.boot.test.autoconfigure.web.servlet.MockMvcPrintOnlyOnFailureTestExecutionListener, org.springframework.boot.test.autoconfigure.web.servlet.WebDriverTestExecutionListener, org.springframework.boot.test.mock.mockito.MockitoTestExecutionListener, org.springframework.boot.test.mock.mockito.ResetMocksTestExecutionListener, org.springframework.test.context.web.ServletTestExecutionListener, org.springframework.test.context.support.DirtiesContextBeforeModesTestExecutionListener, org.springframework.test.context.support.DependencyInjectionTestExecutionListener, org.springframework.test.context.support.DirtiesContextTestExecutionListener, org.springframework.test.context.transaction.TransactionalTestExecutionListener, org.springframework.test.context.jdbc.SqlScriptsTestExecutionListener]
2024-12-05 21:24:16.485  INFO 27052 --- [    Test worker] .b.t.a.w.s.WebMvcTestContextBootstrapper : Using TestExecutionListeners: [org.springframework.test.context.web.ServletTestExecutionListener@1149ced0, org.springframework.test.context.support.DirtiesContextBeforeModesTestExecutionListener@3a84d5ac, org.springframework.boot.test.mock.mockito.MockitoTestExecutionListener@54273246, org.springframework.boot.test.autoconfigure.SpringBootDependencyInjectionTestExecutionListener@701a286a, org.springframework.test.context.support.DirtiesContextTestExecutionListener@2f7a47f7, org.springframework.test.context.transaction.TransactionalTestExecutionListener@33cfce01, org.springframework.test.context.jdbc.SqlScriptsTestExecutionListener@5e977f3c, org.springframework.security.test.context.support.WithSecurityContextTestExecutionListener@7fef45fc, org.springframework.security.test.context.support.ReactorContextTestExecutionListener@2d7e009, org.springframework.boot.test.autoconfigure.restdocs.RestDocsTestExecutionListener@4f258994, org.springframework.boot.test.autoconfigure.web.client.MockRestServiceServerResetTestExecutionListener@2a2e61d3, org.springframework.boot.test.autoconfigure.web.servlet.MockMvcPrintOnlyOnFailureTestExecutionListener@2f6b11cf, org.springframework.boot.test.autoconfigure.web.servlet.WebDriverTestExecutionListener@12816b83, org.springframework.boot.test.mock.mockito.ResetMocksTestExecutionListener@710b296e]

  .   ____          _            __ _ _
 /\\ / ___'_ __ _ _(_)_ __  __ _ \ \ \ \
( ( )\___ | '_ | '_| | '_ \/ _` | \ \ \ \
 \\/  ___)| |_)| | | | | || (_| |  ) ) ) )
  '  |____| .__|_| |_|_| |_\__, | / / / /
 =========|_|==============|___/=/_/_/_/
 :: Spring Boot ::        (v2.1.7.RELEASE)

2024-12-05 21:24:16.513  INFO 27052 --- [    Test worker] c.w.spring.aws.web.HelloControllerTest   : Starting HelloControllerTest on DESKTOP-NMHFHBF with PID 27052 (started by hoping in C:\Users\hoping\IdeaProjects\untitled1)
2024-12-05 21:24:16.514  INFO 27052 --- [    Test worker] c.w.spring.aws.web.HelloControllerTest   : No active profile set, falling back to default profiles: default
2024-12-05 21:24:16.900  INFO 27052 --- [    Test worker] o.s.s.concurrent.ThreadPoolTaskExecutor  : Initializing ExecutorService 'applicationTaskExecutor'
2024-12-05 21:24:16.927  INFO 27052 --- [    Test worker] o.s.b.a.w.s.WelcomePageHandlerMapping    : Adding welcome page template: index
2024-12-05 21:24:17.095  INFO 27052 --- [    Test worker] .s.s.UserDetailsServiceAutoConfiguration : 

Using generated security password: 9e104701-612b-43a6-8f96-4c6b1b648d9f

2024-12-05 21:24:17.208  INFO 27052 --- [    Test worker] o.s.s.web.DefaultSecurityFilterChain     : Creating filter chain: any request, [org.springframework.security.web.context.request.async.WebAsyncManagerIntegrationFilter@78e2fe0, org.springframework.security.web.context.SecurityContextPersistenceFilter@635d040f, org.springframework.security.web.header.HeaderWriterFilter@e0d35a2, org.springframework.security.web.csrf.CsrfFilter@57fb94b3, org.springframework.security.web.authentication.logout.LogoutFilter@69d65ada, org.springframework.security.web.authentication.UsernamePasswordAuthenticationFilter@1a7b0731, org.springframework.security.web.authentication.ui.DefaultLoginPageGeneratingFilter@31f7310d, org.springframework.security.web.authentication.ui.DefaultLogoutPageGeneratingFilter@245b7a2, org.springframework.security.web.authentication.www.BasicAuthenticationFilter@42899912, org.springframework.security.web.savedrequest.RequestCacheAwareFilter@1018d028, org.springframework.security.web.servletapi.SecurityContextHolderAwareRequestFilter@775f47ac, org.springframework.security.web.authentication.AnonymousAuthenticationFilter@c0afff1, org.springframework.security.web.session.SessionManagementFilter@55876dc, org.springframework.security.web.access.ExceptionTranslationFilter@48477e22, org.springframework.security.web.access.intercept.FilterSecurityInterceptor@7655a91f]
2024-12-05 21:24:17.240  INFO 27052 --- [    Test worker] o.s.b.t.m.w.SpringBootMockServletContext : Initializing Spring TestDispatcherServlet ''
2024-12-05 21:24:17.241  INFO 27052 --- [    Test worker] o.s.t.web.servlet.TestDispatcherServlet  : Initializing Servlet ''
2024-12-05 21:24:17.255  INFO 27052 --- [    Test worker] o.s.t.web.servlet.TestDispatcherServlet  : Completed initialization in 14 ms
2024-12-05 21:24:17.279  INFO 27052 --- [    Test worker] c.w.spring.aws.web.HelloControllerTest   : Started HelloControllerTest in 0.792 seconds (JVM running for 7.009)
]]></system-out>
  <system-err><![CDATA[]]></system-err>
</testsuite>
