<?xml version="1.0" encoding="UTF-8"?>
<testsuite name="com.webproj.spring.aws.web.HelloControllerTest" tests="2" skipped="0" failures="0" errors="0" timestamp="2024-12-05T10:57:07" hostname="DESKTOP-NMHFHBF" time="0.136">
  <properties/>
  <testcase name="hello가_리턴된다" classname="com.webproj.spring.aws.web.HelloControllerTest" time="0.059"/>
  <testcase name="helloDto가_리턴된다" classname="com.webproj.spring.aws.web.HelloControllerTest" time="0.076"/>
  <system-out><![CDATA[2024-12-05 19:57:06.575  INFO 1272 --- [    Test worker] .b.t.a.w.s.WebMvcTestContextBootstrapper : Neither @ContextConfiguration nor @ContextHierarchy found for test class [com.webproj.spring.aws.web.HelloControllerTest], using SpringBootContextLoader
2024-12-05 19:57:06.576  INFO 1272 --- [    Test worker] o.s.t.c.support.AbstractContextLoader    : Could not detect default resource locations for test class [com.webproj.spring.aws.web.HelloControllerTest]: no resource found for suffixes {-context.xml, Context.groovy}.
2024-12-05 19:57:06.576  INFO 1272 --- [    Test worker] t.c.s.AnnotationConfigContextLoaderUtils : Could not detect default configuration classes for test class [com.webproj.spring.aws.web.HelloControllerTest]: HelloControllerTest does not declare any static, non-private, non-final, nested classes annotated with @Configuration.
2024-12-05 19:57:06.597  INFO 1272 --- [    Test worker] .b.t.c.SpringBootTestContextBootstrapper : Found @SpringBootConfiguration com.webproj.spring.aws.Application for test class com.webproj.spring.aws.web.HelloControllerTest
2024-12-05 19:57:06.597  INFO 1272 --- [    Test worker] .b.t.a.w.s.WebMvcTestContextBootstrapper : Loaded default TestExecutionListener class names from location [META-INF/spring.factories]: [org.springframework.security.test.context.support.WithSecurityContextTestExecutionListener, org.springframework.security.test.context.support.ReactorContextTestExecutionListener, org.springframework.boot.test.autoconfigure.restdocs.RestDocsTestExecutionListener, org.springframework.boot.test.autoconfigure.web.client.MockRestServiceServerResetTestExecutionListener, org.springframework.boot.test.autoconfigure.web.servlet.MockMvcPrintOnlyOnFailureTestExecutionListener, org.springframework.boot.test.autoconfigure.web.servlet.WebDriverTestExecutionListener, org.springframework.boot.test.mock.mockito.MockitoTestExecutionListener, org.springframework.boot.test.mock.mockito.ResetMocksTestExecutionListener, org.springframework.test.context.web.ServletTestExecutionListener, org.springframework.test.context.support.DirtiesContextBeforeModesTestExecutionListener, org.springframework.test.context.support.DependencyInjectionTestExecutionListener, org.springframework.test.context.support.DirtiesContextTestExecutionListener, org.springframework.test.context.transaction.TransactionalTestExecutionListener, org.springframework.test.context.jdbc.SqlScriptsTestExecutionListener]
2024-12-05 19:57:06.598  INFO 1272 --- [    Test worker] .b.t.a.w.s.WebMvcTestContextBootstrapper : Using TestExecutionListeners: [org.springframework.test.context.web.ServletTestExecutionListener@9491b1, org.springframework.test.context.support.DirtiesContextBeforeModesTestExecutionListener@1149ced0, org.springframework.boot.test.mock.mockito.MockitoTestExecutionListener@3a84d5ac, org.springframework.boot.test.autoconfigure.SpringBootDependencyInjectionTestExecutionListener@54273246, org.springframework.test.context.support.DirtiesContextTestExecutionListener@701a286a, org.springframework.test.context.transaction.TransactionalTestExecutionListener@2f7a47f7, org.springframework.test.context.jdbc.SqlScriptsTestExecutionListener@33cfce01, org.springframework.security.test.context.support.WithSecurityContextTestExecutionListener@5e977f3c, org.springframework.security.test.context.support.ReactorContextTestExecutionListener@7fef45fc, org.springframework.boot.test.autoconfigure.restdocs.RestDocsTestExecutionListener@2d7e009, org.springframework.boot.test.autoconfigure.web.client.MockRestServiceServerResetTestExecutionListener@4f258994, org.springframework.boot.test.autoconfigure.web.servlet.MockMvcPrintOnlyOnFailureTestExecutionListener@2a2e61d3, org.springframework.boot.test.autoconfigure.web.servlet.WebDriverTestExecutionListener@2f6b11cf, org.springframework.boot.test.mock.mockito.ResetMocksTestExecutionListener@12816b83]

  .   ____          _            __ _ _
 /\\ / ___'_ __ _ _(_)_ __  __ _ \ \ \ \
( ( )\___ | '_ | '_| | '_ \/ _` | \ \ \ \
 \\/  ___)| |_)| | | | | || (_| |  ) ) ) )
  '  |____| .__|_| |_|_| |_\__, | / / / /
 =========|_|==============|___/=/_/_/_/
 :: Spring Boot ::        (v2.1.7.RELEASE)

2024-12-05 19:57:06.630  INFO 1272 --- [    Test worker] c.w.spring.aws.web.HelloControllerTest   : Starting HelloControllerTest on DESKTOP-NMHFHBF with PID 1272 (started by hoping in C:\Users\hoping\IdeaProjects\untitled1)
2024-12-05 19:57:06.631  INFO 1272 --- [    Test worker] c.w.spring.aws.web.HelloControllerTest   : No active profile set, falling back to default profiles: default
2024-12-05 19:57:07.001  INFO 1272 --- [    Test worker] o.s.s.concurrent.ThreadPoolTaskExecutor  : Initializing ExecutorService 'applicationTaskExecutor'
2024-12-05 19:57:07.029  INFO 1272 --- [    Test worker] o.s.b.a.w.s.WelcomePageHandlerMapping    : Adding welcome page template: index
2024-12-05 19:57:07.200  INFO 1272 --- [    Test worker] .s.s.UserDetailsServiceAutoConfiguration : 

Using generated security password: b69fe5b2-a2f4-4c78-9b11-78dea3a538bb

2024-12-05 19:57:07.313  INFO 1272 --- [    Test worker] o.s.s.web.DefaultSecurityFilterChain     : Creating filter chain: any request, [org.springframework.security.web.context.request.async.WebAsyncManagerIntegrationFilter@2a4be782, org.springframework.security.web.context.SecurityContextPersistenceFilter@55876dc, org.springframework.security.web.header.HeaderWriterFilter@48477e22, org.springframework.security.web.csrf.CsrfFilter@117aeed6, org.springframework.security.web.authentication.logout.LogoutFilter@612170aa, org.springframework.security.web.authentication.UsernamePasswordAuthenticationFilter@7655a91f, org.springframework.security.web.authentication.ui.DefaultLoginPageGeneratingFilter@775f47ac, org.springframework.security.web.authentication.ui.DefaultLogoutPageGeneratingFilter@78e2fe0, org.springframework.security.web.authentication.www.BasicAuthenticationFilter@6e3d6e75, org.springframework.security.web.savedrequest.RequestCacheAwareFilter@635d040f, org.springframework.security.web.servletapi.SecurityContextHolderAwareRequestFilter@1018d028, org.springframework.security.web.authentication.AnonymousAuthenticationFilter@245b7a2, org.springframework.security.web.session.SessionManagementFilter@e0d35a2, org.springframework.security.web.access.ExceptionTranslationFilter@4ac49f9, org.springframework.security.web.access.intercept.FilterSecurityInterceptor@2d0e36ee]
2024-12-05 19:57:07.346  INFO 1272 --- [    Test worker] o.s.b.t.m.w.SpringBootMockServletContext : Initializing Spring TestDispatcherServlet ''
2024-12-05 19:57:07.346  INFO 1272 --- [    Test worker] o.s.t.web.servlet.TestDispatcherServlet  : Initializing Servlet ''
2024-12-05 19:57:07.357  INFO 1272 --- [    Test worker] o.s.t.web.servlet.TestDispatcherServlet  : Completed initialization in 11 ms
2024-12-05 19:57:07.380  INFO 1272 --- [    Test worker] c.w.spring.aws.web.HelloControllerTest   : Started HelloControllerTest in 0.777 seconds (JVM running for 7.989)
]]></system-out>
  <system-err><![CDATA[]]></system-err>
</testsuite>
