<?xml version="1.0" encoding="UTF-8"?>
<testsuite name="com.webproj.spring.aws.domain.posts.PostsRepositoryTest" tests="2" skipped="0" failures="0" errors="0" timestamp="2024-12-05T12:24:16" hostname="DESKTOP-NMHFHBF" time="0.255">
  <properties/>
  <testcase name="게시글저장_불러오기" classname="com.webproj.spring.aws.domain.posts.PostsRepositoryTest" time="0.248"/>
  <testcase name="BaseTimeEntity_등록" classname="com.webproj.spring.aws.domain.posts.PostsRepositoryTest" time="0.006"/>
  <system-out><![CDATA[21:24:10.820 [Test worker] DEBUG org.springframework.test.context.junit4.SpringJUnit4ClassRunner - SpringJUnit4ClassRunner constructor called with [class com.webproj.spring.aws.domain.posts.PostsRepositoryTest]
21:24:10.826 [Test worker] DEBUG org.springframework.test.context.BootstrapUtils - Instantiating CacheAwareContextLoaderDelegate from class [org.springframework.test.context.cache.DefaultCacheAwareContextLoaderDelegate]
21:24:10.834 [Test worker] DEBUG org.springframework.test.context.BootstrapUtils - Instantiating BootstrapContext using constructor [public org.springframework.test.context.support.DefaultBootstrapContext(java.lang.Class,org.springframework.test.context.CacheAwareContextLoaderDelegate)]
21:24:10.850 [Test worker] DEBUG org.springframework.test.context.BootstrapUtils - Instantiating TestContextBootstrapper for test class [com.webproj.spring.aws.domain.posts.PostsRepositoryTest] from class [org.springframework.boot.test.context.SpringBootTestContextBootstrapper]
21:24:10.861 [Test worker] INFO org.springframework.boot.test.context.SpringBootTestContextBootstrapper - Neither @ContextConfiguration nor @ContextHierarchy found for test class [com.webproj.spring.aws.domain.posts.PostsRepositoryTest], using SpringBootContextLoader
21:24:10.865 [Test worker] DEBUG org.springframework.test.context.support.AbstractContextLoader - Did not detect default resource location for test class [com.webproj.spring.aws.domain.posts.PostsRepositoryTest]: class path resource [com/webproj/spring/aws/domain/posts/PostsRepositoryTest-context.xml] does not exist
21:24:10.865 [Test worker] DEBUG org.springframework.test.context.support.AbstractContextLoader - Did not detect default resource location for test class [com.webproj.spring.aws.domain.posts.PostsRepositoryTest]: class path resource [com/webproj/spring/aws/domain/posts/PostsRepositoryTestContext.groovy] does not exist
21:24:10.865 [Test worker] INFO org.springframework.test.context.support.AbstractContextLoader - Could not detect default resource locations for test class [com.webproj.spring.aws.domain.posts.PostsRepositoryTest]: no resource found for suffixes {-context.xml, Context.groovy}.
21:24:10.866 [Test worker] INFO org.springframework.test.context.support.AnnotationConfigContextLoaderUtils - Could not detect default configuration classes for test class [com.webproj.spring.aws.domain.posts.PostsRepositoryTest]: PostsRepositoryTest does not declare any static, non-private, non-final, nested classes annotated with @Configuration.
21:24:10.902 [Test worker] DEBUG org.springframework.test.context.support.ActiveProfilesUtils - Could not find an 'annotation declaring class' for annotation type [org.springframework.test.context.ActiveProfiles] and class [com.webproj.spring.aws.domain.posts.PostsRepositoryTest]
21:24:10.970 [Test worker] DEBUG org.springframework.context.annotation.ClassPathScanningCandidateComponentProvider - Identified candidate component class: file [C:\Users\hoping\IdeaProjects\untitled1\build\classes\java\main\com\webproj\spring\aws\Application.class]
21:24:10.972 [Test worker] INFO org.springframework.boot.test.context.SpringBootTestContextBootstrapper - Found @SpringBootConfiguration com.webproj.spring.aws.Application for test class com.webproj.spring.aws.domain.posts.PostsRepositoryTest
21:24:11.061 [Test worker] DEBUG org.springframework.boot.test.context.SpringBootTestContextBootstrapper - @TestExecutionListeners is not present for class [com.webproj.spring.aws.domain.posts.PostsRepositoryTest]: using defaults.
21:24:11.062 [Test worker] INFO org.springframework.boot.test.context.SpringBootTestContextBootstrapper - Loaded default TestExecutionListener class names from location [META-INF/spring.factories]: [org.springframework.security.test.context.support.WithSecurityContextTestExecutionListener, org.springframework.security.test.context.support.ReactorContextTestExecutionListener, org.springframework.boot.test.autoconfigure.restdocs.RestDocsTestExecutionListener, org.springframework.boot.test.autoconfigure.web.client.MockRestServiceServerResetTestExecutionListener, org.springframework.boot.test.autoconfigure.web.servlet.MockMvcPrintOnlyOnFailureTestExecutionListener, org.springframework.boot.test.autoconfigure.web.servlet.WebDriverTestExecutionListener, org.springframework.boot.test.mock.mockito.MockitoTestExecutionListener, org.springframework.boot.test.mock.mockito.ResetMocksTestExecutionListener, org.springframework.test.context.web.ServletTestExecutionListener, org.springframework.test.context.support.DirtiesContextBeforeModesTestExecutionListener, org.springframework.test.context.support.DependencyInjectionTestExecutionListener, org.springframework.test.context.support.DirtiesContextTestExecutionListener, org.springframework.test.context.transaction.TransactionalTestExecutionListener, org.springframework.test.context.jdbc.SqlScriptsTestExecutionListener]
21:24:11.083 [Test worker] INFO org.springframework.boot.test.context.SpringBootTestContextBootstrapper - Using TestExecutionListeners: [org.springframework.test.context.web.ServletTestExecutionListener@29954149, org.springframework.test.context.support.DirtiesContextBeforeModesTestExecutionListener@326d49cc, org.springframework.boot.test.mock.mockito.MockitoTestExecutionListener@35b05d26, org.springframework.boot.test.autoconfigure.SpringBootDependencyInjectionTestExecutionListener@2f83384, org.springframework.test.context.support.DirtiesContextTestExecutionListener@1e4b59b, org.springframework.test.context.transaction.TransactionalTestExecutionListener@591fbf42, org.springframework.test.context.jdbc.SqlScriptsTestExecutionListener@6ef1902a, org.springframework.security.test.context.support.WithSecurityContextTestExecutionListener@2dd6ea63, org.springframework.security.test.context.support.ReactorContextTestExecutionListener@9baca2f, org.springframework.boot.test.autoconfigure.restdocs.RestDocsTestExecutionListener@2d7b81f5, org.springframework.boot.test.autoconfigure.web.client.MockRestServiceServerResetTestExecutionListener@4fe934b0, org.springframework.boot.test.autoconfigure.web.servlet.MockMvcPrintOnlyOnFailureTestExecutionListener@55f65adc, org.springframework.boot.test.autoconfigure.web.servlet.WebDriverTestExecutionListener@ac209ff, org.springframework.boot.test.mock.mockito.ResetMocksTestExecutionListener@7b47457b]
21:24:11.086 [Test worker] DEBUG org.springframework.test.annotation.ProfileValueUtils - Retrieved @ProfileValueSourceConfiguration [null] for test class [com.webproj.spring.aws.domain.posts.PostsRepositoryTest]
21:24:11.086 [Test worker] DEBUG org.springframework.test.annotation.ProfileValueUtils - Retrieved ProfileValueSource type [class org.springframework.test.annotation.SystemProfileValueSource] for class [com.webproj.spring.aws.domain.posts.PostsRepositoryTest]
21:24:11.087 [Test worker] DEBUG org.springframework.test.annotation.ProfileValueUtils - Retrieved @ProfileValueSourceConfiguration [null] for test class [com.webproj.spring.aws.domain.posts.PostsRepositoryTest]
21:24:11.087 [Test worker] DEBUG org.springframework.test.annotation.ProfileValueUtils - Retrieved ProfileValueSource type [class org.springframework.test.annotation.SystemProfileValueSource] for class [com.webproj.spring.aws.domain.posts.PostsRepositoryTest]
21:24:11.091 [Test worker] DEBUG org.springframework.test.context.support.AbstractDirtiesContextTestExecutionListener - Before test class: context [DefaultTestContext@785a1232 testClass = PostsRepositoryTest, testInstance = [null], testMethod = [null], testException = [null], mergedContextConfiguration = [WebMergedContextConfiguration@517a5505 testClass = PostsRepositoryTest, locations = '{}', classes = '{class com.webproj.spring.aws.Application}', contextInitializerClasses = '[]', activeProfiles = '{}', propertySourceLocations = '{}', propertySourceProperties = '{org.springframework.boot.test.context.SpringBootTestContextBootstrapper=true}', contextCustomizers = set[org.springframework.boot.test.autoconfigure.properties.PropertyMappingContextCustomizer@0, org.springframework.boot.test.autoconfigure.web.servlet.WebDriverContextCustomizerFactory$Customizer@3f394c6f, org.springframework.boot.test.context.filter.ExcludeFilterContextCustomizer@282f3661, org.springframework.boot.test.json.DuplicateJsonObjectContextCustomizerFactory$DuplicateJsonObjectContextCustomizer@23d08f23, org.springframework.boot.test.mock.mockito.MockitoContextCustomizer@0, org.springframework.boot.test.web.client.TestRestTemplateContextCustomizer@ed8a291], resourceBasePath = 'src/main/webapp', contextLoader = 'org.springframework.boot.test.context.SpringBootContextLoader', parent = [null]], attributes = map['org.springframework.test.context.web.ServletTestExecutionListener.activateListener' -> true]], class annotated with @DirtiesContext [false] with mode [null].
21:24:11.092 [Test worker] DEBUG org.springframework.test.annotation.ProfileValueUtils - Retrieved @ProfileValueSourceConfiguration [null] for test class [com.webproj.spring.aws.domain.posts.PostsRepositoryTest]
21:24:11.092 [Test worker] DEBUG org.springframework.test.annotation.ProfileValueUtils - Retrieved ProfileValueSource type [class org.springframework.test.annotation.SystemProfileValueSource] for class [com.webproj.spring.aws.domain.posts.PostsRepositoryTest]
21:24:11.112 [Test worker] DEBUG org.springframework.test.context.support.TestPropertySourceUtils - Adding inlined properties to environment: {spring.jmx.enabled=false, org.springframework.boot.test.context.SpringBootTestContextBootstrapper=true, server.port=-1}

  .   ____          _            __ _ _
 /\\ / ___'_ __ _ _(_)_ __  __ _ \ \ \ \
( ( )\___ | '_ | '_| | '_ \/ _` | \ \ \ \
 \\/  ___)| |_)| | | | | || (_| |  ) ) ) )
  '  |____| .__|_| |_|_| |_\__, | / / / /
 =========|_|==============|___/=/_/_/_/
 :: Spring Boot ::        (v2.1.7.RELEASE)

2024-12-05 21:24:11.329  INFO 27052 --- [    Test worker] c.w.s.a.d.posts.PostsRepositoryTest      : Starting PostsRepositoryTest on DESKTOP-NMHFHBF with PID 27052 (started by hoping in C:\Users\hoping\IdeaProjects\untitled1)
2024-12-05 21:24:11.330  INFO 27052 --- [    Test worker] c.w.s.a.d.posts.PostsRepositoryTest      : No active profile set, falling back to default profiles: default
2024-12-05 21:24:12.054  INFO 27052 --- [    Test worker] .s.d.r.c.RepositoryConfigurationDelegate : Bootstrapping Spring Data repositories in DEFAULT mode.
2024-12-05 21:24:12.134  INFO 27052 --- [    Test worker] .s.d.r.c.RepositoryConfigurationDelegate : Finished Spring Data repository scanning in 74ms. Found 2 repository interfaces.
2024-12-05 21:24:12.593  INFO 27052 --- [    Test worker] trationDelegate$BeanPostProcessorChecker : Bean 'org.springframework.transaction.annotation.ProxyTransactionManagementConfiguration' of type [org.springframework.transaction.annotation.ProxyTransactionManagementConfiguration$$EnhancerBySpringCGLIB$$f62e5392] is not eligible for getting processed by all BeanPostProcessors (for example: not eligible for auto-proxying)
2024-12-05 21:24:12.789  INFO 27052 --- [    Test worker] com.zaxxer.hikari.HikariDataSource       : HikariPool-1 - Starting...
2024-12-05 21:24:12.966  INFO 27052 --- [    Test worker] com.zaxxer.hikari.HikariDataSource       : HikariPool-1 - Start completed.
2024-12-05 21:24:13.053  INFO 27052 --- [    Test worker] o.hibernate.jpa.internal.util.LogHelper  : HHH000204: Processing PersistenceUnitInfo [
	name: default
	...]
2024-12-05 21:24:13.133  INFO 27052 --- [    Test worker] org.hibernate.Version                    : HHH000412: Hibernate Core {5.3.10.Final}
2024-12-05 21:24:13.135  INFO 27052 --- [    Test worker] org.hibernate.cfg.Environment            : HHH000206: hibernate.properties not found
2024-12-05 21:24:13.314  INFO 27052 --- [    Test worker] o.hibernate.annotations.common.Version   : HCANN000001: Hibernate Commons Annotations {5.0.4.Final}
2024-12-05 21:24:13.481  INFO 27052 --- [    Test worker] org.hibernate.dialect.Dialect            : HHH000400: Using dialect: org.hibernate.dialect.MySQL5InnoDBDialect
Hibernate: drop table if exists posts
Hibernate: drop table if exists user
Hibernate: create table posts (id bigint not null auto_increment, created_date datetime, modified_date datetime, author varchar(255), content TEXT not null, title varchar(500) not null, primary key (id)) engine=InnoDB
Hibernate: create table user (id bigint not null auto_increment, created_date datetime, modified_date datetime, email varchar(255) not null, name varchar(255) not null, picture varchar(255), role varchar(255) not null, primary key (id)) engine=InnoDB
2024-12-05 21:24:14.121  INFO 27052 --- [    Test worker] o.h.t.schema.internal.SchemaCreatorImpl  : HHH000476: Executing import script 'org.hibernate.tool.schema.internal.exec.ScriptSourceInputNonExistentImpl@a2ca0b4'
2024-12-05 21:24:14.123  INFO 27052 --- [    Test worker] j.LocalContainerEntityManagerFactoryBean : Initialized JPA EntityManagerFactory for persistence unit 'default'
2024-12-05 21:24:14.613  INFO 27052 --- [    Test worker] o.h.h.i.QueryTranslatorFactoryInitiator  : HHH000397: Using ASTQueryTranslatorFactory
2024-12-05 21:24:15.036  INFO 27052 --- [    Test worker] o.s.s.web.DefaultSecurityFilterChain     : Creating filter chain: any request, [org.springframework.security.web.context.request.async.WebAsyncManagerIntegrationFilter@29269952, org.springframework.security.web.context.SecurityContextPersistenceFilter@99fcf06, org.springframework.security.web.header.HeaderWriterFilter@51d2f2a2, org.springframework.security.web.authentication.logout.LogoutFilter@4672d837, org.springframework.security.oauth2.client.web.OAuth2AuthorizationRequestRedirectFilter@255a55dc, org.springframework.security.oauth2.client.web.OAuth2LoginAuthenticationFilter@540a9711, org.springframework.security.web.authentication.ui.DefaultLoginPageGeneratingFilter@6dc482f5, org.springframework.security.web.authentication.ui.DefaultLogoutPageGeneratingFilter@148b46b4, org.springframework.security.web.savedrequest.RequestCacheAwareFilter@24c82230, org.springframework.security.web.servletapi.SecurityContextHolderAwareRequestFilter@6222bbbe, org.springframework.security.web.authentication.AnonymousAuthenticationFilter@5e98dbf, org.springframework.security.web.session.SessionManagementFilter@50e6dfc6, org.springframework.security.web.access.ExceptionTranslationFilter@5a6ed93b, org.springframework.security.web.access.intercept.FilterSecurityInterceptor@32c90354]
2024-12-05 21:24:15.565  INFO 27052 --- [    Test worker] o.s.s.concurrent.ThreadPoolTaskExecutor  : Initializing ExecutorService 'applicationTaskExecutor'
2024-12-05 21:24:15.625  WARN 27052 --- [    Test worker] aWebConfiguration$JpaWebMvcConfiguration : spring.jpa.open-in-view is enabled by default. Therefore, database queries may be performed during view rendering. Explicitly configure spring.jpa.open-in-view to disable this warning
2024-12-05 21:24:15.669  INFO 27052 --- [    Test worker] o.s.b.a.w.s.WelcomePageHandlerMapping    : Adding welcome page template: index
2024-12-05 21:24:16.175  INFO 27052 --- [    Test worker] s.a.ScheduledAnnotationBeanPostProcessor : No TaskScheduler/ScheduledExecutorService bean found for scheduled processing
2024-12-05 21:24:16.184  INFO 27052 --- [    Test worker] c.w.s.a.d.posts.PostsRepositoryTest      : Started PostsRepositoryTest in 5.064 seconds (JVM running for 5.914)
Hibernate: insert into posts (created_date, modified_date, author, content, title) values (?, ?, ?, ?, ?)
Hibernate: select posts0_.id as id1_0_, posts0_.created_date as created_2_0_, posts0_.modified_date as modified3_0_, posts0_.author as author4_0_, posts0_.content as content5_0_, posts0_.title as title6_0_ from posts posts0_
Hibernate: select posts0_.id as id1_0_, posts0_.created_date as created_2_0_, posts0_.modified_date as modified3_0_, posts0_.author as author4_0_, posts0_.content as content5_0_, posts0_.title as title6_0_ from posts posts0_
Hibernate: delete from posts where id=?
Hibernate: insert into posts (created_date, modified_date, author, content, title) values (?, ?, ?, ?, ?)
Hibernate: select posts0_.id as id1_0_, posts0_.created_date as created_2_0_, posts0_.modified_date as modified3_0_, posts0_.author as author4_0_, posts0_.content as content5_0_, posts0_.title as title6_0_ from posts posts0_
>>>>>>>> createDate=2024-12-05T21:24:16.453331, modifiedDate=2024-12-05T21:24:16.453331
Hibernate: select posts0_.id as id1_0_, posts0_.created_date as created_2_0_, posts0_.modified_date as modified3_0_, posts0_.author as author4_0_, posts0_.content as content5_0_, posts0_.title as title6_0_ from posts posts0_
Hibernate: delete from posts where id=?
]]></system-out>
  <system-err><![CDATA[]]></system-err>
</testsuite>
