<?xml version="1.0" encoding="UTF-8"?>
<testsuite name="com.webproj.spring.aws.web.PostsApiControllerTest" tests="2" skipped="0" failures="0" errors="0" timestamp="2024-12-05T12:24:19" hostname="DESKTOP-NMHFHBF" time="0.074">
  <properties/>
  <testcase name="Posts_등록된다" classname="com.webproj.spring.aws.web.PostsApiControllerTest" time="0.052"/>
  <testcase name="Posts_수정된다" classname="com.webproj.spring.aws.web.PostsApiControllerTest" time="0.022"/>
  <system-out><![CDATA[2024-12-05 21:24:19.475  INFO 27052 --- [    Test worker] .b.t.c.SpringBootTestContextBootstrapper : Neither @ContextConfiguration nor @ContextHierarchy found for test class [com.webproj.spring.aws.web.PostsApiControllerTest], using SpringBootContextLoader
2024-12-05 21:24:19.476  INFO 27052 --- [    Test worker] o.s.t.c.support.AbstractContextLoader    : Could not detect default resource locations for test class [com.webproj.spring.aws.web.PostsApiControllerTest]: no resource found for suffixes {-context.xml, Context.groovy}.
2024-12-05 21:24:19.476  INFO 27052 --- [    Test worker] t.c.s.AnnotationConfigContextLoaderUtils : Could not detect default configuration classes for test class [com.webproj.spring.aws.web.PostsApiControllerTest]: PostsApiControllerTest does not declare any static, non-private, non-final, nested classes annotated with @Configuration.
2024-12-05 21:24:19.477  INFO 27052 --- [    Test worker] .b.t.c.SpringBootTestContextBootstrapper : Found @SpringBootConfiguration com.webproj.spring.aws.Application for test class com.webproj.spring.aws.web.PostsApiControllerTest
2024-12-05 21:24:19.478  INFO 27052 --- [    Test worker] .b.t.c.SpringBootTestContextBootstrapper : Loaded default TestExecutionListener class names from location [META-INF/spring.factories]: [org.springframework.security.test.context.support.WithSecurityContextTestExecutionListener, org.springframework.security.test.context.support.ReactorContextTestExecutionListener, org.springframework.boot.test.autoconfigure.restdocs.RestDocsTestExecutionListener, org.springframework.boot.test.autoconfigure.web.client.MockRestServiceServerResetTestExecutionListener, org.springframework.boot.test.autoconfigure.web.servlet.MockMvcPrintOnlyOnFailureTestExecutionListener, org.springframework.boot.test.autoconfigure.web.servlet.WebDriverTestExecutionListener, org.springframework.boot.test.mock.mockito.MockitoTestExecutionListener, org.springframework.boot.test.mock.mockito.ResetMocksTestExecutionListener, org.springframework.test.context.web.ServletTestExecutionListener, org.springframework.test.context.support.DirtiesContextBeforeModesTestExecutionListener, org.springframework.test.context.support.DependencyInjectionTestExecutionListener, org.springframework.test.context.support.DirtiesContextTestExecutionListener, org.springframework.test.context.transaction.TransactionalTestExecutionListener, org.springframework.test.context.jdbc.SqlScriptsTestExecutionListener]
2024-12-05 21:24:19.479  INFO 27052 --- [    Test worker] .b.t.c.SpringBootTestContextBootstrapper : Using TestExecutionListeners: [org.springframework.test.context.web.ServletTestExecutionListener@32a15edc, org.springframework.test.context.support.DirtiesContextBeforeModesTestExecutionListener@4cb64647, org.springframework.boot.test.mock.mockito.MockitoTestExecutionListener@3f571ccc, org.springframework.boot.test.autoconfigure.SpringBootDependencyInjectionTestExecutionListener@343402f8, org.springframework.test.context.support.DirtiesContextTestExecutionListener@c5bfd1c, org.springframework.test.context.transaction.TransactionalTestExecutionListener@72a116ae, org.springframework.test.context.jdbc.SqlScriptsTestExecutionListener@7517c54a, org.springframework.security.test.context.support.WithSecurityContextTestExecutionListener@61203ad2, org.springframework.security.test.context.support.ReactorContextTestExecutionListener@32c088f7, org.springframework.boot.test.autoconfigure.restdocs.RestDocsTestExecutionListener@482eec67, org.springframework.boot.test.autoconfigure.web.client.MockRestServiceServerResetTestExecutionListener@3584dbd, org.springframework.boot.test.autoconfigure.web.servlet.MockMvcPrintOnlyOnFailureTestExecutionListener@634e11ae, org.springframework.boot.test.autoconfigure.web.servlet.WebDriverTestExecutionListener@557fba00, org.springframework.boot.test.mock.mockito.ResetMocksTestExecutionListener@6a0d291c]
2024-12-05 21:24:19.485  INFO 27052 --- [    Test worker] o.a.c.c.C.[Tomcat].[localhost].[/]       : Initializing Spring TestDispatcherServlet ''
2024-12-05 21:24:19.485  INFO 27052 --- [    Test worker] o.s.t.web.servlet.TestDispatcherServlet  : Initializing Servlet ''
2024-12-05 21:24:19.487  INFO 27052 --- [    Test worker] o.s.t.web.servlet.TestDispatcherServlet  : Completed initialization in 2 ms
Hibernate: insert into posts (created_date, modified_date, author, content, title) values (?, ?, ?, ?, ?)
Hibernate: select posts0_.id as id1_0_, posts0_.created_date as created_2_0_, posts0_.modified_date as modified3_0_, posts0_.author as author4_0_, posts0_.content as content5_0_, posts0_.title as title6_0_ from posts posts0_
Hibernate: select posts0_.id as id1_0_, posts0_.created_date as created_2_0_, posts0_.modified_date as modified3_0_, posts0_.author as author4_0_, posts0_.content as content5_0_, posts0_.title as title6_0_ from posts posts0_
Hibernate: delete from posts where id=?
2024-12-05 21:24:19.535  INFO 27052 --- [    Test worker] o.a.c.c.C.[Tomcat].[localhost].[/]       : Initializing Spring TestDispatcherServlet ''
2024-12-05 21:24:19.535  INFO 27052 --- [    Test worker] o.s.t.web.servlet.TestDispatcherServlet  : Initializing Servlet ''
2024-12-05 21:24:19.537  INFO 27052 --- [    Test worker] o.s.t.web.servlet.TestDispatcherServlet  : Completed initialization in 2 ms
Hibernate: insert into posts (created_date, modified_date, author, content, title) values (?, ?, ?, ?, ?)
Hibernate: select posts0_.id as id1_0_0_, posts0_.created_date as created_2_0_0_, posts0_.modified_date as modified3_0_0_, posts0_.author as author4_0_0_, posts0_.content as content5_0_0_, posts0_.title as title6_0_0_ from posts posts0_ where posts0_.id=?
Hibernate: update posts set created_date=?, modified_date=?, author=?, content=?, title=? where id=?
Hibernate: select posts0_.id as id1_0_, posts0_.created_date as created_2_0_, posts0_.modified_date as modified3_0_, posts0_.author as author4_0_, posts0_.content as content5_0_, posts0_.title as title6_0_ from posts posts0_
Hibernate: select posts0_.id as id1_0_, posts0_.created_date as created_2_0_, posts0_.modified_date as modified3_0_, posts0_.author as author4_0_, posts0_.content as content5_0_, posts0_.title as title6_0_ from posts posts0_
Hibernate: delete from posts where id=?
]]></system-out>
  <system-err><![CDATA[]]></system-err>
</testsuite>
