<?xml version="1.0" encoding="UTF-8"?>
<testsuite name="com.webproj.spring.aws.web.PostsApiControllerTest" tests="2" skipped="0" failures="0" errors="0" timestamp="2024-12-04T14:14:28" hostname="DESKTOP-NMHFHBF" time="0.078">
  <properties/>
  <testcase name="Posts_등록된다" classname="com.webproj.spring.aws.web.PostsApiControllerTest" time="0.057"/>
  <testcase name="Posts_수정된다" classname="com.webproj.spring.aws.web.PostsApiControllerTest" time="0.02"/>
  <system-out><![CDATA[2024-12-04 23:14:28.195  INFO 23244 --- [    Test worker] .b.t.c.SpringBootTestContextBootstrapper : Neither @ContextConfiguration nor @ContextHierarchy found for test class [com.webproj.spring.aws.web.PostsApiControllerTest], using SpringBootContextLoader
2024-12-04 23:14:28.196  INFO 23244 --- [    Test worker] o.s.t.c.support.AbstractContextLoader    : Could not detect default resource locations for test class [com.webproj.spring.aws.web.PostsApiControllerTest]: no resource found for suffixes {-context.xml, Context.groovy}.
2024-12-04 23:14:28.196  INFO 23244 --- [    Test worker] t.c.s.AnnotationConfigContextLoaderUtils : Could not detect default configuration classes for test class [com.webproj.spring.aws.web.PostsApiControllerTest]: PostsApiControllerTest does not declare any static, non-private, non-final, nested classes annotated with @Configuration.
2024-12-04 23:14:28.197  INFO 23244 --- [    Test worker] .b.t.c.SpringBootTestContextBootstrapper : Found @SpringBootConfiguration com.webproj.spring.aws.Application for test class com.webproj.spring.aws.web.PostsApiControllerTest
2024-12-04 23:14:28.198  INFO 23244 --- [    Test worker] .b.t.c.SpringBootTestContextBootstrapper : Loaded default TestExecutionListener class names from location [META-INF/spring.factories]: [org.springframework.security.test.context.support.WithSecurityContextTestExecutionListener, org.springframework.security.test.context.support.ReactorContextTestExecutionListener, org.springframework.boot.test.autoconfigure.restdocs.RestDocsTestExecutionListener, org.springframework.boot.test.autoconfigure.web.client.MockRestServiceServerResetTestExecutionListener, org.springframework.boot.test.autoconfigure.web.servlet.MockMvcPrintOnlyOnFailureTestExecutionListener, org.springframework.boot.test.autoconfigure.web.servlet.WebDriverTestExecutionListener, org.springframework.boot.test.mock.mockito.MockitoTestExecutionListener, org.springframework.boot.test.mock.mockito.ResetMocksTestExecutionListener, org.springframework.test.context.web.ServletTestExecutionListener, org.springframework.test.context.support.DirtiesContextBeforeModesTestExecutionListener, org.springframework.test.context.support.DependencyInjectionTestExecutionListener, org.springframework.test.context.support.DirtiesContextTestExecutionListener, org.springframework.test.context.transaction.TransactionalTestExecutionListener, org.springframework.test.context.jdbc.SqlScriptsTestExecutionListener]
2024-12-04 23:14:28.199  INFO 23244 --- [    Test worker] .b.t.c.SpringBootTestContextBootstrapper : Using TestExecutionListeners: [org.springframework.test.context.web.ServletTestExecutionListener@14f9cf93, org.springframework.test.context.support.DirtiesContextBeforeModesTestExecutionListener@4776520f, org.springframework.boot.test.mock.mockito.MockitoTestExecutionListener@4c44bc32, org.springframework.boot.test.autoconfigure.SpringBootDependencyInjectionTestExecutionListener@501c2282, org.springframework.test.context.support.DirtiesContextTestExecutionListener@ac3fa45, org.springframework.test.context.transaction.TransactionalTestExecutionListener@7f503738, org.springframework.test.context.jdbc.SqlScriptsTestExecutionListener@161cb1cc, org.springframework.security.test.context.support.WithSecurityContextTestExecutionListener@27a599bf, org.springframework.security.test.context.support.ReactorContextTestExecutionListener@32a15edc, org.springframework.boot.test.autoconfigure.restdocs.RestDocsTestExecutionListener@4cb64647, org.springframework.boot.test.autoconfigure.web.client.MockRestServiceServerResetTestExecutionListener@3f571ccc, org.springframework.boot.test.autoconfigure.web.servlet.MockMvcPrintOnlyOnFailureTestExecutionListener@343402f8, org.springframework.boot.test.autoconfigure.web.servlet.WebDriverTestExecutionListener@c5bfd1c, org.springframework.boot.test.mock.mockito.ResetMocksTestExecutionListener@72a116ae]
2024-12-04 23:14:28.207  INFO 23244 --- [    Test worker] o.a.c.c.C.[Tomcat].[localhost].[/]       : Initializing Spring TestDispatcherServlet ''
2024-12-04 23:14:28.207  INFO 23244 --- [    Test worker] o.s.t.web.servlet.TestDispatcherServlet  : Initializing Servlet ''
2024-12-04 23:14:28.209  INFO 23244 --- [    Test worker] o.s.t.web.servlet.TestDispatcherServlet  : Completed initialization in 2 ms
Hibernate: insert into posts (created_date, modified_date, author, content, title) values (?, ?, ?, ?, ?)
Hibernate: select posts0_.id as id1_0_, posts0_.created_date as created_2_0_, posts0_.modified_date as modified3_0_, posts0_.author as author4_0_, posts0_.content as content5_0_, posts0_.title as title6_0_ from posts posts0_
Hibernate: select posts0_.id as id1_0_, posts0_.created_date as created_2_0_, posts0_.modified_date as modified3_0_, posts0_.author as author4_0_, posts0_.content as content5_0_, posts0_.title as title6_0_ from posts posts0_
Hibernate: delete from posts where id=?
2024-12-04 23:14:28.261  INFO 23244 --- [    Test worker] o.a.c.c.C.[Tomcat].[localhost].[/]       : Initializing Spring TestDispatcherServlet ''
2024-12-04 23:14:28.261  INFO 23244 --- [    Test worker] o.s.t.web.servlet.TestDispatcherServlet  : Initializing Servlet ''
2024-12-04 23:14:28.262  INFO 23244 --- [    Test worker] o.s.t.web.servlet.TestDispatcherServlet  : Completed initialization in 1 ms
Hibernate: insert into posts (created_date, modified_date, author, content, title) values (?, ?, ?, ?, ?)
Hibernate: select posts0_.id as id1_0_0_, posts0_.created_date as created_2_0_0_, posts0_.modified_date as modified3_0_0_, posts0_.author as author4_0_0_, posts0_.content as content5_0_0_, posts0_.title as title6_0_0_ from posts posts0_ where posts0_.id=?
Hibernate: update posts set created_date=?, modified_date=?, author=?, content=?, title=? where id=?
Hibernate: select posts0_.id as id1_0_, posts0_.created_date as created_2_0_, posts0_.modified_date as modified3_0_, posts0_.author as author4_0_, posts0_.content as content5_0_, posts0_.title as title6_0_ from posts posts0_
Hibernate: select posts0_.id as id1_0_, posts0_.created_date as created_2_0_, posts0_.modified_date as modified3_0_, posts0_.author as author4_0_, posts0_.content as content5_0_, posts0_.title as title6_0_ from posts posts0_
Hibernate: delete from posts where id=?
]]></system-out>
  <system-err><![CDATA[]]></system-err>
</testsuite>
