<?xml version="1.0" encoding="UTF-8"?>
<testsuite name="com.webproj.spring.aws.web.IndexControllerTest" tests="1" skipped="0" failures="0" errors="0" timestamp="2024-12-05T10:57:09" hostname="DESKTOP-NMHFHBF" time="0.142">
  <properties/>
  <testcase name="메인페이지_로딩" classname="com.webproj.spring.aws.web.IndexControllerTest" time="0.142"/>
  <system-out><![CDATA[2024-12-05 19:57:07.521  INFO 1272 --- [    Test worker] .b.t.c.SpringBootTestContextBootstrapper : Neither @ContextConfiguration nor @ContextHierarchy found for test class [com.webproj.spring.aws.web.IndexControllerTest], using SpringBootContextLoader
2024-12-05 19:57:07.522  INFO 1272 --- [    Test worker] o.s.t.c.support.AbstractContextLoader    : Could not detect default resource locations for test class [com.webproj.spring.aws.web.IndexControllerTest]: no resource found for suffixes {-context.xml, Context.groovy}.
2024-12-05 19:57:07.522  INFO 1272 --- [    Test worker] t.c.s.AnnotationConfigContextLoaderUtils : Could not detect default configuration classes for test class [com.webproj.spring.aws.web.IndexControllerTest]: IndexControllerTest does not declare any static, non-private, non-final, nested classes annotated with @Configuration.
2024-12-05 19:57:07.524  INFO 1272 --- [    Test worker] .b.t.c.SpringBootTestContextBootstrapper : Found @SpringBootConfiguration com.webproj.spring.aws.Application for test class com.webproj.spring.aws.web.IndexControllerTest
2024-12-05 19:57:07.524  INFO 1272 --- [    Test worker] .b.t.c.SpringBootTestContextBootstrapper : Loaded default TestExecutionListener class names from location [META-INF/spring.factories]: [org.springframework.security.test.context.support.WithSecurityContextTestExecutionListener, org.springframework.security.test.context.support.ReactorContextTestExecutionListener, org.springframework.boot.test.autoconfigure.restdocs.RestDocsTestExecutionListener, org.springframework.boot.test.autoconfigure.web.client.MockRestServiceServerResetTestExecutionListener, org.springframework.boot.test.autoconfigure.web.servlet.MockMvcPrintOnlyOnFailureTestExecutionListener, org.springframework.boot.test.autoconfigure.web.servlet.WebDriverTestExecutionListener, org.springframework.boot.test.mock.mockito.MockitoTestExecutionListener, org.springframework.boot.test.mock.mockito.ResetMocksTestExecutionListener, org.springframework.test.context.web.ServletTestExecutionListener, org.springframework.test.context.support.DirtiesContextBeforeModesTestExecutionListener, org.springframework.test.context.support.DependencyInjectionTestExecutionListener, org.springframework.test.context.support.DirtiesContextTestExecutionListener, org.springframework.test.context.transaction.TransactionalTestExecutionListener, org.springframework.test.context.jdbc.SqlScriptsTestExecutionListener]
2024-12-05 19:57:07.525  INFO 1272 --- [    Test worker] .b.t.c.SpringBootTestContextBootstrapper : Using TestExecutionListeners: [org.springframework.test.context.web.ServletTestExecutionListener@2e711ec0, org.springframework.test.context.support.DirtiesContextBeforeModesTestExecutionListener@296595a6, org.springframework.boot.test.mock.mockito.MockitoTestExecutionListener@277cd7f, org.springframework.boot.test.autoconfigure.SpringBootDependencyInjectionTestExecutionListener@264a2ba2, org.springframework.test.context.support.DirtiesContextTestExecutionListener@6bb6b5, org.springframework.test.context.transaction.TransactionalTestExecutionListener@526cbbb, org.springframework.test.context.jdbc.SqlScriptsTestExecutionListener@3906e255, org.springframework.security.test.context.support.WithSecurityContextTestExecutionListener@4e66c9ec, org.springframework.security.test.context.support.ReactorContextTestExecutionListener@1365008b, org.springframework.boot.test.autoconfigure.restdocs.RestDocsTestExecutionListener@202d7a4f, org.springframework.boot.test.autoconfigure.web.client.MockRestServiceServerResetTestExecutionListener@2e373055, org.springframework.boot.test.autoconfigure.web.servlet.MockMvcPrintOnlyOnFailureTestExecutionListener@5666a5d6, org.springframework.boot.test.autoconfigure.web.servlet.WebDriverTestExecutionListener@6dbc86c9, org.springframework.boot.test.mock.mockito.ResetMocksTestExecutionListener@26887633]

  .   ____          _            __ _ _
 /\\ / ___'_ __ _ _(_)_ __  __ _ \ \ \ \
( ( )\___ | '_ | '_| | '_ \/ _` | \ \ \ \
 \\/  ___)| |_)| | | | | || (_| |  ) ) ) )
  '  |____| .__|_| |_|_| |_\__, | / / / /
 =========|_|==============|___/=/_/_/_/
 :: Spring Boot ::        (v2.1.7.RELEASE)

2024-12-05 19:57:07.556  INFO 1272 --- [    Test worker] c.w.spring.aws.web.IndexControllerTest   : Starting IndexControllerTest on DESKTOP-NMHFHBF with PID 1272 (started by hoping in C:\Users\hoping\IdeaProjects\untitled1)
2024-12-05 19:57:07.556  INFO 1272 --- [    Test worker] c.w.spring.aws.web.IndexControllerTest   : No active profile set, falling back to default profiles: default
2024-12-05 19:57:07.764  INFO 1272 --- [    Test worker] .s.d.r.c.RepositoryConfigurationDelegate : Bootstrapping Spring Data repositories in DEFAULT mode.
2024-12-05 19:57:07.791  INFO 1272 --- [    Test worker] .s.d.r.c.RepositoryConfigurationDelegate : Finished Spring Data repository scanning in 27ms. Found 2 repository interfaces.
2024-12-05 19:57:07.872  INFO 1272 --- [    Test worker] trationDelegate$BeanPostProcessorChecker : Bean 'org.springframework.transaction.annotation.ProxyTransactionManagementConfiguration' of type [org.springframework.transaction.annotation.ProxyTransactionManagementConfiguration$$EnhancerBySpringCGLIB$$c718aa04] is not eligible for getting processed by all BeanPostProcessors (for example: not eligible for auto-proxying)
2024-12-05 19:57:08.086  INFO 1272 --- [    Test worker] o.s.b.w.embedded.tomcat.TomcatWebServer  : Tomcat initialized with port(s): 0 (http)
2024-12-05 19:57:08.112  INFO 1272 --- [    Test worker] o.apache.catalina.core.StandardService   : Starting service [Tomcat]
2024-12-05 19:57:08.112  INFO 1272 --- [    Test worker] org.apache.catalina.core.StandardEngine  : Starting Servlet engine: [Apache Tomcat/9.0.22]
2024-12-05 19:57:08.273  INFO 1272 --- [    Test worker] o.a.c.c.C.[Tomcat].[localhost].[/]       : Initializing Spring embedded WebApplicationContext
2024-12-05 19:57:08.273  INFO 1272 --- [    Test worker] o.s.web.context.ContextLoader            : Root WebApplicationContext: initialization completed in 713 ms
2024-12-05 19:57:08.440  INFO 1272 --- [    Test worker] com.zaxxer.hikari.HikariDataSource       : HikariPool-2 - Starting...
2024-12-05 19:57:08.442  INFO 1272 --- [    Test worker] com.zaxxer.hikari.HikariDataSource       : HikariPool-2 - Start completed.
2024-12-05 19:57:08.480  INFO 1272 --- [    Test worker] o.hibernate.jpa.internal.util.LogHelper  : HHH000204: Processing PersistenceUnitInfo [
	name: default
	...]
2024-12-05 19:57:08.492  INFO 1272 --- [    Test worker] org.hibernate.dialect.Dialect            : HHH000400: Using dialect: org.hibernate.dialect.MySQL5InnoDBDialect
Hibernate: drop table if exists posts
Hibernate: drop table if exists user
Hibernate: create table posts (id bigint not null auto_increment, created_date datetime, modified_date datetime, author varchar(255), content TEXT not null, title varchar(500) not null, primary key (id)) engine=InnoDB
Hibernate: create table user (id bigint not null auto_increment, created_date datetime, modified_date datetime, email varchar(255) not null, name varchar(255) not null, picture varchar(255), role varchar(255) not null, primary key (id)) engine=InnoDB
2024-12-05 19:57:08.537  INFO 1272 --- [    Test worker] o.h.t.schema.internal.SchemaCreatorImpl  : HHH000476: Executing import script 'org.hibernate.tool.schema.internal.exec.ScriptSourceInputNonExistentImpl@ac4ccf7'
2024-12-05 19:57:08.537  INFO 1272 --- [    Test worker] j.LocalContainerEntityManagerFactoryBean : Initialized JPA EntityManagerFactory for persistence unit 'default'
2024-12-05 19:57:08.810  INFO 1272 --- [    Test worker] o.h.h.i.QueryTranslatorFactoryInitiator  : HHH000397: Using ASTQueryTranslatorFactory
2024-12-05 19:57:08.937  INFO 1272 --- [    Test worker] o.s.s.web.DefaultSecurityFilterChain     : Creating filter chain: any request, [org.springframework.security.web.context.request.async.WebAsyncManagerIntegrationFilter@5c515dc7, org.springframework.security.web.context.SecurityContextPersistenceFilter@51a3cbd0, org.springframework.security.web.header.HeaderWriterFilter@642c08ac, org.springframework.security.web.authentication.logout.LogoutFilter@14996d46, org.springframework.security.oauth2.client.web.OAuth2AuthorizationRequestRedirectFilter@568f75a5, org.springframework.security.oauth2.client.web.OAuth2LoginAuthenticationFilter@33d8e169, org.springframework.security.web.authentication.ui.DefaultLoginPageGeneratingFilter@5babd0a8, org.springframework.security.web.authentication.ui.DefaultLogoutPageGeneratingFilter@3ebfc1a8, org.springframework.security.web.savedrequest.RequestCacheAwareFilter@4d9badd8, org.springframework.security.web.servletapi.SecurityContextHolderAwareRequestFilter@49f6b5af, org.springframework.security.web.authentication.AnonymousAuthenticationFilter@1330a987, org.springframework.security.web.session.SessionManagementFilter@dd3e38a, org.springframework.security.web.access.ExceptionTranslationFilter@27e77864, org.springframework.security.web.access.intercept.FilterSecurityInterceptor@59576b7e]
2024-12-05 19:57:09.078  INFO 1272 --- [    Test worker] o.s.s.concurrent.ThreadPoolTaskExecutor  : Initializing ExecutorService 'applicationTaskExecutor'
2024-12-05 19:57:09.093  WARN 1272 --- [    Test worker] aWebConfiguration$JpaWebMvcConfiguration : spring.jpa.open-in-view is enabled by default. Therefore, database queries may be performed during view rendering. Explicitly configure spring.jpa.open-in-view to disable this warning
2024-12-05 19:57:09.115  INFO 1272 --- [    Test worker] o.s.b.a.w.s.WelcomePageHandlerMapping    : Adding welcome page template: index
2024-12-05 19:57:09.319  INFO 1272 --- [    Test worker] s.a.ScheduledAnnotationBeanPostProcessor : No TaskScheduler/ScheduledExecutorService bean found for scheduled processing
2024-12-05 19:57:09.339  INFO 1272 --- [    Test worker] o.s.b.w.embedded.tomcat.TomcatWebServer  : Tomcat started on port(s): 10128 (http) with context path ''
2024-12-05 19:57:09.340  INFO 1272 --- [    Test worker] c.w.spring.aws.web.IndexControllerTest   : Started IndexControllerTest in 1.813 seconds (JVM running for 9.949)
2024-12-05 19:57:09.411  INFO 1272 --- [o-auto-1-exec-1] o.a.c.c.C.[Tomcat].[localhost].[/]       : Initializing Spring DispatcherServlet 'dispatcherServlet'
2024-12-05 19:57:09.411  INFO 1272 --- [o-auto-1-exec-1] o.s.web.servlet.DispatcherServlet        : Initializing Servlet 'dispatcherServlet'
2024-12-05 19:57:09.424  INFO 1272 --- [o-auto-1-exec-1] o.s.web.servlet.DispatcherServlet        : Completed initialization in 13 ms
Hibernate: select posts0_.id as id1_0_, posts0_.created_date as created_2_0_, posts0_.modified_date as modified3_0_, posts0_.author as author4_0_, posts0_.content as content5_0_, posts0_.title as title6_0_ from posts posts0_ order by posts0_.id DESC
]]></system-out>
  <system-err><![CDATA[]]></system-err>
</testsuite>
